<?xml version="1.0" encoding="UTF-8"?>
<testsuite name="com.vanpra.materialbar.ExampleUnitTest" tests="1" skipped="0" failures="0" errors="0" timestamp="2019-08-21T14:26:14" hostname="laptop" time="0.001">
  <properties/>
  <testcase name="addition_isCorrect" classname="com.vanpra.materialbar.ExampleUnitTest" time="0.001"/>
  <system-out><![CDATA[]]></system-out>
  <system-err><![CDATA[]]></system-err>
</testsuite>
